<?xml version="1.0" encoding="UTF-8"?>
<!-- Generated by org.testng.reporters.JUnitXMLReporter -->
<testsuite hostname="Aya" name="alternativePath" tests="5" failures="0" timestamp="17 May 2019 17:58:48 GMT" time="193.239" errors="0">
  <testcase name="NotSignedUpAccount" time="25.186" classname="org.testing.automation.InstaBugLoginAlternativePaths"/>
  <testcase name="LoggedInAccount" time="20.253" classname="org.testing.automation.InstaBugLoginAlternativePaths"/>
  <testcase name="LoginThenNavigateBack" time="35.27" classname="org.testing.automation.InstaBugLoginAlternativePaths"/>
  <testcase name="LogoutAndNavigationBack" time="58.283" classname="org.testing.automation.InstaBugLoginAlternativePaths"/>
  <testcase name="LoginWithChangedPassword" time="54.236" classname="org.testing.automation.InstaBugLoginAlternativePaths"/>
</testsuite> <!-- alternativePath -->
