<?xml version="1.0" encoding="UTF-8"?>
<!-- Generated by org.testng.reporters.JUnitXMLReporter -->
<testsuite hostname="Aya" name="negativePath" tests="4" failures="0" timestamp="17 May 2019 17:55:35 GMT" time="103.832" errors="0">
  <testcase name="InvalidEmail_ValidationMessage" time="25.931" classname="org.testing.automation.InstaBugLoginNegativePaths"/>
  <testcase name="InvalidPassword_ValidationMessage" time="19.713" classname="org.testing.automation.InstaBugLoginNegativePaths"/>
  <testcase name="InvalidEmail" time="18.896" classname="org.testing.automation.InstaBugLoginNegativePaths"/>
  <testcase name="WrongPassword" time="39.285" classname="org.testing.automation.InstaBugLoginNegativePaths"/>
</testsuite> <!-- negativePath -->
